<?xml version="1.0" encoding="UTF-8"?>
<testng-results ignored="0" total="1" passed="1" failed="0" skipped="0">
  <reporter-output>
  </reporter-output>
  <suite started-at="2024-01-17T23:35:57 IST" name="Default suite" finished-at="2024-01-17T23:36:06 IST" duration-ms="8830">
    <groups>
      <group name="cucumber">
        <method signature="AbstractTestNGCucumberTests.runScenario(io.cucumber.testng.PickleWrapper,io.cucumber.testng.FeatureWrapper)[pri:0, instance:RunnerTest.RunTestClass@33d512c1]" name="runScenario" class="io.cucumber.testng.AbstractTestNGCucumberTests"/>
      </group> <!-- cucumber -->
    </groups>
    <test started-at="2024-01-17T23:35:57 IST" name="Default test" finished-at="2024-01-17T23:36:06 IST" duration-ms="8830">
      <class name="RunnerTest.RunTestClass">
        <test-method is-config="true" signature="setUpClass(org.testng.ITestContext)[pri:0, instance:RunnerTest.RunTestClass@33d512c1]" started-at="2024-01-17T23:35:57 IST" name="setUpClass" finished-at="2024-01-17T23:35:58 IST" duration-ms="184" status="PASS">
          <params>
            <param index="0">
              <value>
                <![CDATA[org.testng.TestRunner@6fd1660]]>
              </value>
            </param>
          </params>
          <reporter-output>
          </reporter-output>
        </test-method> <!-- setUpClass -->
        <test-method signature="runScenario(io.cucumber.testng.PickleWrapper,io.cucumber.testng.FeatureWrapper)[pri:0, instance:RunnerTest.RunTestClass@33d512c1]" started-at="2024-01-17T23:35:58 IST" name="runScenario" description="Runs Cucumber Scenarios" data-provider="scenarios" finished-at="2024-01-17T23:36:06 IST" duration-ms="8588" status="PASS">
          <params>
            <param index="0">
              <value>
                <![CDATA["Test the login functionality"]]>
              </value>
            </param>
            <param index="1">
              <value>
                <![CDATA["Test the SauceDemo Appl"]]>
              </value>
            </param>
          </params>
          <reporter-output>
          </reporter-output>
        </test-method> <!-- runScenario -->
        <test-method is-config="true" signature="tearDownClass()[pri:0, instance:RunnerTest.RunTestClass@33d512c1]" started-at="2024-01-17T23:36:06 IST" name="tearDownClass" finished-at="2024-01-17T23:36:06 IST" duration-ms="2" status="PASS">
          <reporter-output>
          </reporter-output>
        </test-method> <!-- tearDownClass -->
      </class> <!-- RunnerTest.RunTestClass -->
    </test> <!-- Default test -->
  </suite> <!-- Default suite -->
</testng-results>
